<?xml version="1.0" encoding="UTF-8"?>
<testng-results total="2" passed="2" failed="0" skipped="0">
  <reporter-output>
  </reporter-output>
  <suite started-at="2024-08-31T10:14:59Z" name="Test Suite for Buildout" finished-at="2024-08-31T10:15:38Z" duration-ms="38696">
    <groups>
    </groups>
    <test started-at="2024-08-31T10:14:59Z" name="Test Cases for Buildout" finished-at="2024-08-31T10:15:38Z" duration-ms="38696">
      <class name="demo.TestCases">
        <test-method is-config="true" signature="startBrowser()[pri:0, instance:demo.TestCases@52d239ba]" started-at="2024-08-31T15:44:59Z" name="startBrowser" finished-at="2024-08-31T15:45:01Z" duration-ms="1697" status="PASS">
          <reporter-output>
          </reporter-output>
        </test-method> <!-- startBrowser -->
        <test-method signature="testCase01()[pri:0, instance:demo.TestCases@52d239ba]" started-at="2024-08-31T15:45:01Z" name="testCase01" finished-at="2024-08-31T15:45:15Z" duration-ms="13886" status="PASS">
          <reporter-output>
          </reporter-output>
        </test-method> <!-- testCase01 -->
        <test-method signature="testCase02()[pri:0, instance:demo.TestCases@52d239ba]" started-at="2024-08-31T15:45:15Z" name="testCase02" finished-at="2024-08-31T15:45:37Z" duration-ms="22465" status="PASS">
          <reporter-output>
          </reporter-output>
        </test-method> <!-- testCase02 -->
        <test-method is-config="true" signature="endTest()[pri:0, instance:demo.TestCases@52d239ba]" started-at="2024-08-31T15:45:37Z" name="endTest" finished-at="2024-08-31T15:45:38Z" duration-ms="643" status="PASS">
          <reporter-output>
          </reporter-output>
        </test-method> <!-- endTest -->
      </class> <!-- demo.TestCases -->
    </test> <!-- Test Cases for Buildout -->
  </suite> <!-- Test Suite for Buildout -->
</testng-results>
